2015-01-26_13-45-50 [KAH] code/ -- initial commit
2015-01-26_13-45-51 [KAH] swod/conference.html -- initial commit
2015-01-26_13-45-52 [KAH] swod/contact.html -- initial commit
2015-01-26_13-45-52 [KAH] swod/headline.html -- initial commit
2015-01-26_13-45-53 [KAH] swod/index.php -- initial commit
2015-01-26_13-45-54 [KAH] swod/queries.php -- initial commit
2015-01-26_13-45-54 [KAH] swod/resources.html -- initial commit
2015-01-26_13-45-55 [KAH] swod/results.php -- initial commit
2015-01-26_13-45-55 [KAH] .htaccess -- initial commit
2015-01-26_13-45-56 [KAH] images/alex.jpg -- initial commit
2015-01-26_13-45-57 [KAH] images/index.html -- initial commit
2015-01-26_13-45-58 [KAH] images/katja.jpg -- initial commit
2015-01-26_13-45-58 [KAH] images/kim.jpg -- initial commit
2015-01-26_13-45-59 [KAH] images/LinkedOpenDataCloud2014_medium.png -- initial commit
2015-01-26_13-46-00 [KAH] images/LinkedOpenDataCloud2014.png -- initial commit
2015-01-26_13-46-01 [KAH] images/LinkedOpenDataCloud2014_small.png -- initial commit
2015-01-26_13-46-01 [KAH] images/nuref.jpg -- initial commit
2015-01-26_13-46-02 [KAH] images/OntologyFinal-1.png -- initial commit
2015-01-26_13-46-03 [KAH] images/OntologyFinal.pdf -- initial commit
2015-01-26_13-46-03 [KAH] images/torben.jpg -- initial commit
2015-01-26_13-46-04 [KAH] images/tpch.png -- initial commit
2015-01-26_13-46-05 [KAH] styles/index.html -- initial commit
2015-01-26_13-46-05 [KAH] styles/layout.css -- initial commit
2015-01-26_13-46-06 [KAH] footer.html -- initial commit
2015-01-26_13-46-07 [KAH] headline.html -- initial commit
2015-01-26_13-46-07 [KAH] index.php -- initial commit
2015-01-26_13-46-08 [KAH] logo.html -- initial commit
2015-01-26_13-46-09 [KAH] menu.html -- initial commit
2015-01-26_13-46-09 [KAH] team.php -- initial commit
2015-01-26_13-46-10 [KAH] topics.html -- initial commit
2015-01-26_13-46-10 [KAH] webmaster.html -- initial commit
2015-01-26_13-47-10 [KAH] coda/headline.html -- initial commit
2015-01-26_13-47-11 [KAH] coda/images -- initial commit
2015-01-26_13-47-11 [KAH] coda/index.php -- initial commit
2015-01-26_13-47-12 [KAH] coda/queries -- initial commit
2015-01-26_13-47-13 [KAH] coda/resources.html -- initial commit
2015-01-26_13-47-13 [KAH] coda/ssb -- initial commit
2015-01-26_13-55-49 [KAH] .htaccess -- remove illigal and wrong config
2015-01-26_15-14-55 [kah] headline.html -- 
2015-01-28_10-51-09 [kah] styles/layout.css -- 
2015-01-28_10-51-09 [kah] robot.txt -- 
2015-01-28_10-54-16 [kah] styles/layout.css -- 
2015-01-28_10-54-16 [kah] robot.txt -- 
2015-01-28_11-12-52 [kah] govAgriBus/index.php -- 
2015-01-28_11-15-04 [kah] . -- 
2015-01-28_11-27-43 [kah] swod/conference.html -- 
2015-01-28_11-27-43 [kah] swod/contact.html -- 
2015-01-28_11-27-44 [kah] swod/headline.html -- 
2015-01-28_11-27-44 [kah] swod/index.php -- 
2015-01-28_11-27-44 [kah] swod/queries.php -- 
2015-01-28_11-27-45 [kah] swod/resources.html -- 
2015-01-28_11-27-45 [kah] swod/results.php -- 
2015-01-28_11-27-46 [kah] coda/headline.html -- 
2015-01-28_11-27-46 [kah] coda/images -- 
2015-01-28_11-27-46 [kah] coda/index.php -- 
2015-01-28_11-27-47 [kah] coda/queries -- 
2015-01-28_11-27-47 [kah] coda/resources.html -- 
2015-01-28_11-27-47 [kah] coda/ssb -- 
2015-01-28_11-27-48 [kah] govAgriBus/conference.html -- 
2015-01-28_11-27-48 [kah] govAgriBus/contact.html -- 
2015-01-28_11-27-49 [kah] govAgriBus/DBTR-35.pdf -- 
2015-01-28_11-27-49 [kah] govAgriBus/headline.html -- 
2015-01-28_11-27-49 [kah] govAgriBus/index.php -- 
2015-01-28_11-27-50 [kah] govAgriBus/JIST'14Presentation.pdf -- 
2015-01-28_11-27-50 [kah] govAgriBus/JIST.pdf -- 
2015-01-28_11-27-51 [kah] govAgriBus/queries.php -- 
2015-01-28_11-27-51 [kah] govAgriBus/README.txt -- 
2015-01-28_11-27-51 [kah] govAgriBus/resources.html -- 
2015-01-28_11-31-25 [kah] swod/conference.html -- 
2015-01-28_11-31-25 [kah] swod/contact.html -- 
2015-01-28_11-31-26 [kah] swod/headline.html -- 
2015-01-28_11-31-26 [kah] swod/index.php -- 
2015-01-28_11-31-26 [kah] swod/queries.php -- 
2015-01-28_11-31-27 [kah] swod/resources.html -- 
2015-01-28_11-31-27 [kah] swod/results.php -- 
2015-01-28_11-31-36 [kah] coda/headline.html -- 
2015-01-28_11-31-36 [kah] coda/images -- 
2015-01-28_11-31-37 [kah] coda/index.php -- 
2015-01-28_11-31-37 [kah] coda/queries -- 
2015-01-28_11-31-37 [kah] coda/resources.html -- 
2015-01-28_11-31-38 [kah] coda/ssb -- 
2015-01-28_11-34-12 [kah] team.php -- 
2015-01-28_11-34-25 [kah] images/alex.jpg -- 
2015-01-28_11-34-25 [kah] images/index.html -- 
2015-01-28_11-34-26 [kah] images/katja.jpg -- 
2015-01-28_11-34-26 [kah] images/kim.jpg -- 
2015-01-28_11-34-26 [kah] images/LinkedOpenDataCloud2014_medium.png -- 
2015-01-28_11-34-27 [kah] images/LinkedOpenDataCloud2014.png -- 
2015-01-28_11-34-28 [kah] images/LinkedOpenDataCloud2014_small.png -- 
2015-01-28_11-34-28 [kah] images/nuref.jpg -- 
2015-01-28_11-34-28 [kah] images/OntologyFinal-1.png -- 
2015-01-28_11-34-29 [kah] images/OntologyFinal.pdf -- 
2015-01-28_11-34-29 [kah] images/torben.jpg -- 
2015-01-28_11-34-29 [kah] images/tpch.png -- 
2015-01-28_11-49-12 [kah] images/nuref.jpg -- 
2015-01-28_15-52-02 [kah] images/dilshod.jpg -- 
2015-01-28_15-52-02 [kah] team.php -- 
2015-01-29_16-17-11 [kah] swod/conference.html -- 
2015-01-29_16-17-12 [kah] swod/contact.html -- 
2015-01-29_16-17-12 [kah] swod/headline.html -- 
2015-01-29_16-17-12 [kah] swod/index.php -- 
2015-01-29_16-17-13 [kah] swod/queries.php -- 
2015-01-29_16-17-13 [kah] swod/resources.html -- 
2015-01-29_16-17-14 [kah] swod/results.php -- 
2015-01-29_16-17-14 [kah] -madd -- 
2015-01-29_16-17-29 [kah] styles/layout.css -- 
2015-01-29_16-17-41 [kah] team.php -- 
2015-02-18_14-05-32 [kah] swod/conference.html -- 
2015-02-18_14-05-32 [kah] swod/contact.html -- 
2015-02-18_14-05-32 [kah] swod/headline.html -- 
2015-02-18_14-05-32 [kah] swod/index.php -- 
2015-02-18_14-05-33 [kah] swod/queries.php -- 
2015-02-18_14-05-33 [kah] swod/resources.html -- 
2015-02-18_14-05-33 [kah] swod/results.php -- 
2015-02-18_14-06-37 [kah] swod/index.php -- 
2015-02-18_14-07-40 [kah] swod/index.php -- 
2015-02-18_14-08-14 [kah] swod/index.php -- 
2015-05-04_08-10-38 [kah@cs.aau.dk] swod/index.php -- push old uncommited file
2015-05-04_10-34-40 [kah@cs.aau.dk] aggview/headline.html -- Dilshods page
2015-05-04_10-34-40 [kah@cs.aau.dk] aggview/images -- Dilshods page
2015-05-04_10-34-41 [kah@cs.aau.dk] aggview/index.php -- Dilshods page
2015-05-04_10-34-41 [kah@cs.aau.dk] aggview/queries -- Dilshods page
2015-05-04_10-34-41 [kah@cs.aau.dk] aggview/resources.html -- Dilshods page
2015-05-04_10-34-42 [kah@cs.aau.dk] aggview/ssb -- Dilshods page
2015-05-14_13-32-49 [kah@cs.aau.dk] . -- update css and toher small things
2015-05-15_13-54-32 [kah@cs.aau.dk] swod/queries.php -- update queires
2015-05-28_10-45-18 [kah@cs.aau.dk] index.php -- update news
2015-08-06_11-58-06 [kah@cs.aau.dk] . -- nurefsan and kims updates
2015-08-06_12-48-21 [kah@cs.aau.dk] . -- QB4OLAP index update
2015-08-06_13-27-07 [kah@cs.aau.dk] QB4SOLAP/queries.php -- QB4OLAP index update
2015-08-06_14-39-32 [kah@cs.aau.dk] . -- update topics name to publications and added conference to title
2015-09-02_18-20-28 [kah@cs.aau.dk] topics.html -- 
2015-09-02_18-20-44 [kah@cs.aau.dk] swod/resources.html -- 
2015-10-30_11-11-33 [kah@cs.aau.dk] . -- fill push, for nuref and Dilshod
<<<<<<< .mine
2016-04-21_17-44-51 [kah@cs.aau.dk] QB4SOLAP/data/gnw_instance.7z -- 
2016-04-21_17-44-55 [kah@cs.aau.dk] QB4SOLAP/data/gnw_qb4solap_schema.ttl -- 
2016-04-21_17-44-58 [kah@cs.aau.dk] QB4SOLAP/data/qb4solap.ttl -- 
2016-04-21_17-45-32 [nurefsan@cs.aau.dk] QB4SOLAP/data/gnw_instance.7z -- 
2016-04-21_17-45-33 [nurefsan@cs.aau.dk] QB4SOLAP/data/gnw_qb4solap_schema.ttl -- 
2016-04-21_17-45-35 [nurefsan@cs.aau.dk] QB4SOLAP/data/qb4solap.ttl -- 
2016-04-21_17-46-31 [nurefsan@cs.aau.dk] QB4SOLAP/data/qb4solap.ttl -- 
2016-04-21_18-09-47 [nurefsan@cs.aau.dk] QB4SOLAP/data/qb4solap.ttl -- 
2016-04-21_18-13-22 [nurefsan@cs.aau.dk] QB4SOLAP/data/qb4solap.ttl -- 
2016-04-21_18-14-12 [nurefsan@cs.aau.dk] QB4SOLAP/data/qb4solap.ttl -- 
2016-04-21_18-15-44 [nurefsan@cs.aau.dk] QB4SOLAP/data/qb4solap.ttl -- 
2016-04-21_18-16-36 [nurefsan@cs.aau.dk] QB4SOLAP/data/qb4solap.ttl -- 
=======
2016-04-20_15-58-36 [kah@cs.aau.dk] . -- nuref changed something
2016-04-21_10-16-32 [kah@cs.aau.dk] QB4SOLAP/data/gnw_instance.7z -- nuref changed something
2016-04-21_10-16-32 [kah@cs.aau.dk] QB4SOLAP/data/gnw_qb4solap_schema.ttl -- nuref changed something
2016-04-21_10-16-33 [kah@cs.aau.dk] QB4SOLAP/data/qb4solap.ttl -- nuref changed something
>>>>>>> .r2766
2016-07-12_13-51-02 [test] C:xampphtdocsEXTBIwebsite -- 
2016-07-12_13-51-20 [test] C:xampphtdocsEXTBIwebsite -- 
